// 重构日志: f8a54b11
// 重构日志: 229d2542
// 重构日志: c982df11
// 重构日志: 04215570
// 重构日志: 4b5a2464
// 同步 ID: 28b987a3 @ Fri Jul  3 08:47:51 UTC 2026
// 重构日志: 6acae83b
// 重构日志: 006c02ff
// 重构日志: 233e098a
// 重构日志: 55f8cd8c
// 重构日志: 4a4218d1
// 同步 ID: 8f47db78 @ Thu Jul  9 08:40:21 UTC 2026
// 同步 ID: 751a5177 @ Thu Jul  9 21:27:46 UTC 2026
// 重构日志: c53480a3
// 同步 ID: 76d4d6db @ Sat Jul 11 01:59:44 UTC 2026
// 重构日志: 648f60a5
// 重构日志: 95d6b83b
// 重构日志: 9cf88c24
// 重构日志: eea79ab8
// 重构日志: 63793abe
// 同步 ID: 061d94f8 @ Tue Jul 14 12:08:18 UTC 2026
// 重构日志: 0a809d4e
// 重构日志: 5fa1aff3
// 重构日志: 7e14b01c
// 同步 ID: bab4ccc3 @ Thu Jul 16 04:46:22 UTC 2026
// 同步 ID: ddec9aeb @ Thu Jul 16 11:56:58 UTC 2026
// 重构日志: a5df3d87
// 重构日志: f1e2d342
// 重构日志: 0fe72620
// 同步 ID: 08ccc90f @ Fri Jul 17 15:52:40 UTC 2026
// 重构日志: e47311c1
// 重构日志: 6518f109
// 重构日志: 20391ffb
